<?xml version="1.0" encoding="UTF-8"?>
<testng-results ignored="0" total="1" passed="1" failed="0" skipped="0">
  <reporter-output>
  </reporter-output>
  <suite started-at="2024-01-02T08:43:41 IST" name="Default suite" finished-at="2024-01-02T08:44:34 IST" duration-ms="52894">
    <groups>
    </groups>
    <test started-at="2024-01-02T08:43:41 IST" name="Default test" finished-at="2024-01-02T08:44:34 IST" duration-ms="52894">
      <class name="Guru99_Project.Day1_project_Login">
        <test-method signature="logintest()[pri:0, instance:Guru99_Project.Day1_project_Login@194bcebf]" started-at="2024-01-02T08:43:41 IST" name="logintest" finished-at="2024-01-02T08:44:34 IST" duration-ms="52781" status="PASS">
          <reporter-output>
          </reporter-output>
        </test-method> <!-- logintest -->
      </class> <!-- Guru99_Project.Day1_project_Login -->
    </test> <!-- Default test -->
  </suite> <!-- Default suite -->
</testng-results>
