<?xml version="1.0" encoding="UTF-8"?>
<testng-results ignored="0" total="1" passed="1" failed="0" skipped="0">
  <reporter-output>
  </reporter-output>
  <suite started-at="2024-01-06T12:01:33 IST" name="Default suite" finished-at="2024-01-06T12:01:45 IST" duration-ms="12139">
    <groups>
    </groups>
    <test started-at="2024-01-06T12:01:33 IST" name="Default test" finished-at="2024-01-06T12:01:45 IST" duration-ms="12139">
      <class name="com.Day1_2">
        <test-method signature="logincheck()[pri:0, instance:com.Day1_2@f0da945]" started-at="2024-01-06T12:01:33 IST" name="logincheck" finished-at="2024-01-06T12:01:45 IST" duration-ms="11998" status="PASS">
          <reporter-output>
          </reporter-output>
        </test-method> <!-- logincheck -->
      </class> <!-- com.Day1_2 -->
    </test> <!-- Default test -->
  </suite> <!-- Default suite -->
</testng-results>
