<?xml version="1.0" encoding="UTF-8"?>
<!-- Generated by org.testng.reporters.JUnitXMLReporter -->
<testsuite ignored="0" hostname="DESKTOP-SKBUBUD" failures="0" tests="3" name="Default test" time="0.186" errors="0" timestamp="2023-12-16T17:43:25 IST">
  <testcase classname="Basic.Account" name="currentAccout" time="0.032"/>
  <testcase classname="Basic.Account" name="loanAccount" time="0.008"/>
  <testcase classname="Basic.Account" name="savingAccount" time="0.008"/>
</testsuite> <!-- Default test -->
