<?xml version="1.0" encoding="UTF-8"?>
<!-- Generated by org.testng.reporters.JUnitXMLReporter -->
<testsuite ignored="4" hostname="DESKTOP-SKBUBUD" failures="1" tests="2" name="Test2" time="0.071" errors="0" timestamp="2023-12-21T08:56:51 IST">
  <testcase classname="Basic.Payment" name="debitCard" time="0.022">
    <failure type="java.lang.AssertionError" message="expected [true] but found [false]">
      <![CDATA[java.lang.AssertionError: expected [true] but found [false]
at Basic.Payment.debitCard(Payment.java:20)
at java.base/java.util.ArrayList.forEach(ArrayList.java:1511)
... Removed 31 stack frames]]>
    </failure>
  </testcase> <!-- debitCard -->
  <testcase classname="Basic.Account" name="currentAccout" time="0.02"/>
  <testcase classname="Basic.Account" name="savingAccount" time="0.0">
    <ignored/>
  </testcase> <!-- savingAccount -->
  <testcase classname="Basic.Account" name="loanAccount" time="0.0">
    <ignored/>
  </testcase> <!-- loanAccount -->
  <testcase classname="Basic.Payment" name="creditCard" time="0.0">
    <ignored/>
  </testcase> <!-- creditCard -->
  <testcase classname="Basic.Payment" name="cod" time="0.0">
    <ignored/>
  </testcase> <!-- cod -->
</testsuite> <!-- Test2 -->
