<?xml version="1.0" encoding="UTF-8"?>
<!-- Generated by org.testng.reporters.JUnitXMLReporter -->
<testsuite ignored="4" hostname="DESKTOP-SKBUBUD" failures="0" tests="2" name="Test1" time="0.236" errors="0" timestamp="2023-12-21T08:56:51 IST">
  <testcase classname="Basic.Payment" name="creditCard" time="0.072"/>
  <testcase classname="Basic.Account" name="loanAccount" time="0.005"/>
  <testcase classname="Basic.Account" name="currentAccout" time="0.0">
    <ignored/>
  </testcase> <!-- currentAccout -->
  <testcase classname="Basic.Payment" name="cod" time="0.0">
    <ignored/>
  </testcase> <!-- cod -->
  <testcase classname="Basic.Payment" name="debitCard" time="0.0">
    <ignored/>
  </testcase> <!-- debitCard -->
  <testcase classname="Basic.Account" name="savingAccount" time="0.0">
    <ignored/>
  </testcase> <!-- savingAccount -->
</testsuite> <!-- Test1 -->
