<?xml version="1.0" encoding="UTF-8"?>
<testng-results ignored="0" total="1" passed="1" failed="0" skipped="0">
  <reporter-output>
  </reporter-output>
  <suite started-at="2024-02-03T13:34:44 IST" name="Default suite" finished-at="2024-02-03T13:34:45 IST" duration-ms="1436">
    <groups>
    </groups>
    <test started-at="2024-02-03T13:34:44 IST" name="Default test" finished-at="2024-02-03T13:34:45 IST" duration-ms="1436">
      <class name="com.qa.test.keywordframe$logintest">
        <test-method signature="logintest()[pri:0, instance:com.qa.test.keywordframe$logintest@5677323c]" started-at="2024-02-03T13:34:44 IST" name="logintest" finished-at="2024-02-03T13:34:45 IST" duration-ms="1302" status="PASS">
          <reporter-output>
          </reporter-output>
        </test-method> <!-- logintest -->
      </class> <!-- com.qa.test.keywordframe$logintest -->
    </test> <!-- Default test -->
  </suite> <!-- Default suite -->
</testng-results>
